[2026-06-01 16:30:56] OK
[2026-06-01 17:30:49] OK
[2026-06-01 18:00:50] OK
[2026-06-01 18:30:52] OK
[2026-06-01 20:00:18] OK
[2026-06-02 10:00:46] OK
[2026-06-02 11:00:22] OK
[2026-06-02 15:00:07] OK
[2026-06-02 21:00:47] OK
[2026-06-02 21:30:02] OK
[2026-06-02 22:00:02] OK
[2026-06-02 22:30:03] OK
[2026-06-02 23:00:12] OK
[2026-06-02 23:30:13] OK
[2026-06-03 00:00:14] OK
[2026-06-03 09:44:16] Server unreachable on port 8000 — restarting launchd agent
[2026-06-03 10:44:25] BAD scheduler_running=True watchdog=True overdue=['movers_continuous', 'intraday_continuous'] — force-restarting server
[2026-06-03 12:52:09] BAD scheduler_running=True watchdog=True overdue=['intraday_continuous', 'movers_continuous'] — force-restarting server
[2026-06-03 16:30:18] OK
[2026-06-03 17:00:19] OK
[2026-06-03 19:24:42] BAD scheduler_running=True watchdog=True overdue=['movers_continuous', 'intraday_continuous'] — force-restarting server
[2026-06-04 04:44:57] BAD scheduler_running=True watchdog=True overdue=['movers_continuous', 'intraday_continuous'] — force-restarting server
[2026-06-04 05:56:30] Server unreachable on port 8000 — restarting launchd agent
[2026-06-04 08:30:53] BAD scheduler_running=True watchdog=True overdue=['movers_continuous', 'intraday_continuous'] — force-restarting server
[2026-06-04 09:05:51] BAD scheduler_running=True watchdog=True overdue=['movers_continuous', 'intraday_continuous', 'premarket_brief'] — force-restarting server
[2026-06-04 09:30:52] OK
[2026-06-04 16:26:59] Server unreachable on port 8000 — restarting launchd agent
[2026-06-04 20:06:11] BAD scheduler_running=True watchdog=True overdue=['movers_continuous', 'intraday_continuous'] — force-restarting server
[2026-06-05 05:52:40] BAD scheduler_running=True watchdog=True overdue=['intraday_continuous', 'movers_continuous'] — force-restarting server
[2026-06-05 13:30:39] OK
[2026-06-05 14:05:54] BAD scheduler_running=True watchdog=True overdue=['movers_continuous', 'intraday_continuous', 'markov_pm'] — force-restarting server
[2026-06-05 14:30:54] OK
[2026-06-05 15:26:06] BAD scheduler_running=True watchdog=True overdue=['movers_continuous', 'intraday_continuous'] — force-restarting server
[2026-06-05 20:06:16] BAD scheduler_running=True watchdog=True overdue=['intraday_continuous', 'movers_continuous'] — force-restarting server
[2026-06-05 23:30:03] OK
[2026-06-06 09:00:59] OK
[2026-06-07 06:30:15] OK
[2026-06-07 07:49:02] Server unreachable on port 8000 — restarting launchd agent
